<?xml version="1.0" encoding="UTF-8"?>
<testng-results ignored="0" total="1" passed="1" failed="0" skipped="0">
  <reporter-output>
  </reporter-output>
  <suite started-at="2023-04-12T02:30:55 IST" name="Default suite" finished-at="2023-04-12T02:31:00 IST" duration-ms="5019">
    <groups>
    </groups>
    <test started-at="2023-04-12T02:30:55 IST" name="Default test" finished-at="2023-04-12T02:31:00 IST" duration-ms="5019">
      <class name="gradleproject.TestBrowser">
        <test-method signature="LaunchChrome()[pri:0, instance:gradleproject.TestBrowser@659499f1]" started-at="2023-04-12T02:30:55 IST" name="LaunchChrome" finished-at="2023-04-12T02:31:00 IST" duration-ms="4982" status="PASS">
          <reporter-output>
          </reporter-output>
        </test-method> <!-- LaunchChrome -->
      </class> <!-- gradleproject.TestBrowser -->
    </test> <!-- Default test -->
  </suite> <!-- Default suite -->
</testng-results>
